2020-03-30 00:17:01,024 INFO o.s.d.r.c.RepositoryConfigurationDelegate [main] Multiple Spring Data modules found, entering strict repository configuration mode!
2020-03-30 00:17:01,033 INFO o.s.d.r.c.RepositoryConfigurationDelegate [main] Bootstrapping Spring Data JDBC repositories in DEFAULT mode.
2020-03-30 00:17:01,068 INFO o.s.d.r.c.RepositoryConfigurationDelegate [main] Finished Spring Data repository scanning in 29ms. Found 0 JDBC repository interfaces.
2020-03-30 00:17:01,087 INFO o.s.d.r.c.RepositoryConfigurationDelegate [main] Multiple Spring Data modules found, entering strict repository configuration mode!
2020-03-30 00:17:01,088 INFO o.s.d.r.c.RepositoryConfigurationDelegate [main] Bootstrapping Spring Data JPA repositories in DEFAULT mode.
2020-03-30 00:17:01,109 INFO o.s.d.r.c.RepositoryConfigurationDelegate [main] Finished Spring Data repository scanning in 13ms. Found 0 JPA repository interfaces.
2020-03-30 00:17:02,297 INFO o.s.b.w.e.t.TomcatWebServer [main] Tomcat initialized with port(s): 8080 (http)
2020-03-30 00:17:02,314 INFO o.a.j.l.DirectJDKLog [main] Initializing ProtocolHandler ["http-nio-8080"]
2020-03-30 00:17:02,315 INFO o.a.j.l.DirectJDKLog [main] Starting service [Tomcat]
2020-03-30 00:17:02,317 INFO o.a.j.l.DirectJDKLog [main] Starting Servlet engine: [Apache Tomcat/9.0.31]
2020-03-30 00:17:02,620 INFO o.a.j.l.DirectJDKLog [main] Initializing Spring embedded WebApplicationContext
2020-03-30 00:17:02,622 INFO o.s.b.w.s.c.ServletWebServerApplicationContext [main] Root WebApplicationContext: initialization completed in 2626 ms
2020-03-30 00:17:02,953 INFO c.z.h.HikariDataSource [main] HikariPool-1 - Starting...
2020-03-30 00:17:03,495 INFO c.z.h.HikariDataSource [main] HikariPool-1 - Start completed.
2020-03-30 00:17:03,563 INFO o.h.j.i.u.LogHelper [main] HHH000204: Processing PersistenceUnitInfo [name: default]
2020-03-30 00:17:03,719 INFO o.h.Version [main] HHH000412: Hibernate ORM core version 5.4.12.Final
2020-03-30 00:17:04,138 INFO o.h.a.c.r.j.JavaReflectionManager [main] HCANN000001: Hibernate Commons Annotations {5.1.0.Final}
2020-03-30 00:17:04,328 INFO o.h.d.Dialect [main] HHH000400: Using dialect: org.hibernate.dialect.MySQL8Dialect
2020-03-30 00:17:04,531 INFO o.h.e.t.j.p.i.JtaPlatformInitiator [main] HHH000490: Using JtaPlatform implementation: [org.hibernate.engine.transaction.jta.platform.internal.NoJtaPlatform]
2020-03-30 00:17:04,539 INFO o.s.o.j.AbstractEntityManagerFactoryBean [main] Initialized JPA EntityManagerFactory for persistence unit 'default'
2020-03-30 00:17:04,998 WARN o.s.b.a.o.j.JpaBaseConfiguration$JpaWebConfiguration [main] spring.jpa.open-in-view is enabled by default. Therefore, database queries may be performed during view rendering. Explicitly configure spring.jpa.open-in-view to disable this warning
2020-03-30 00:17:05,148 INFO o.s.s.c.ExecutorConfigurationSupport [main] Initializing ExecutorService 'applicationTaskExecutor'
2020-03-30 00:17:05,678 INFO o.a.j.l.DirectJDKLog [main] Starting ProtocolHandler ["http-nio-8080"]
2020-03-30 00:17:05,699 INFO o.s.b.w.e.t.TomcatWebServer [main] Tomcat started on port(s): 8080 (http) with context path ''
2020-03-30 00:17:26,127 INFO o.a.j.l.DirectJDKLog [http-nio-8080-exec-1] Initializing Spring DispatcherServlet 'dispatcherServlet'
2020-03-30 00:17:26,127 INFO o.s.w.s.FrameworkServlet [http-nio-8080-exec-1] Initializing Servlet 'dispatcherServlet'
2020-03-30 00:17:26,152 INFO o.s.w.s.FrameworkServlet [http-nio-8080-exec-1] Completed initialization in 24 ms
2020-03-30 00:17:26,247 WARN c.i.m.c.GameController [http-nio-8080-exec-1] A WARN Message
2020-03-30 00:17:26,247 ERROR c.i.m.c.GameController [http-nio-8080-exec-1] An ERROR Message
